main()
curr: Uri
[home, runner, work, thinking-grp.github.io, thinking-grp.github.io, tools, thinkio_webtool, bin, gen_pages.dart]
base: Uri
[home, runner, work, thinking-grp.github.io, thinking-grp.github.io]
Gasukaku
value color: #008000
parsed color: #008000

佐藤 陽花　(さとう はるか)
value color: #36c8b5
parsed color: #36c8b5

RMYS
value color: null
parsed color: #null

Sorakime
value color: null
parsed color: #null

少名アリス
value color: null
parsed color: #null

Haru Lab
value color: null
parsed color: #null

mf7cli
value color: #1592F7
parsed color: #1592f7

粉蜜柑
value color: null
parsed color: #null

LITESOLT
value color: null
parsed color: #null

amania
value color: #ffa227
parsed color: #ffa227

ひとくち水ようかん か 水羊羹
value color: null
parsed color: #null

さちはる
value color: null
parsed color: #null

yuichi
value color: null
parsed color: #null

てーがーくん
value color: null
parsed color: #null

take
value color: #ede9ff
parsed color: #ede9ff

Kinoko_2K
value color: null
parsed color: #null

generate:generate_sitemap()
sitemap:visit()
path: Iterable<String>
[]
fu: Uri
[home, runner, work, thinking-grp.github.io, thinking-grp.github.io, index.html]
sitemap:visit()
path: Iterable<String>
[, about]
fu: Uri
[home, runner, work, thinking-grp.github.io, thinking-grp.github.io, about, index.html]
sitemap:visit()
path: Iterable<String>
[, about, member.html]
fu: Uri
[home, runner, work, thinking-grp.github.io, thinking-grp.github.io, about, member.html]
sitemap:visit()
path: Iterable<String>
[, project]
fu: Uri
[home, runner, work, thinking-grp.github.io, thinking-grp.github.io, project, index.html]
sitemap:visit()
path: Iterable<String>
[, project, thinkerAI]
fu: Uri
[home, runner, work, thinking-grp.github.io, thinking-grp.github.io, project, thinkerAI, index.html]
sitemap:visit()
path: Iterable<String>
[, project, thinkfont]
fu: Uri
[home, runner, work, thinking-grp.github.io, thinking-grp.github.io, project, thinkfont, index.html]
sitemap:visit()
path: Iterable<String>
[, project, thinkingsns]
fu: Uri
[home, runner, work, thinking-grp.github.io, thinking-grp.github.io, project, thinkingsns, index.html]
sitemap:visit()
path: Iterable<String>
[, project, thinkos]
fu: Uri
[home, runner, work, thinking-grp.github.io, thinking-grp.github.io, project, thinkos, index.html]
sitemap:visit()
path: Iterable<String>
[, blog]
fu: Uri
[home, runner, work, thinking-grp.github.io, thinking-grp.github.io, blog, index.html]
sitemap:visit()
path: Iterable<String>
[blog, 02.html]
fu: Uri
[home, runner, work, thinking-grp.github.io, thinking-grp.github.io, blog, 02.html]
sitemap:visit()
path: Iterable<String>
[blog, 01.html]
fu: Uri
[home, runner, work, thinking-grp.github.io, thinking-grp.github.io, blog, 01.html]
