Gasukaku
value color: #008000
parsed color: #008000

佐藤 陽花　(さとう はるか)
value color: #36c8b5
parsed color: #36c8b5

RMYS
value color: null
parsed color: #null

Sorakime
value color: null
parsed color: #null

少名アリス
value color: null
parsed color: #null

Haru Lab
value color: null
parsed color: #null

mf7cli
value color: #1592F7
parsed color: #1592f7

粉蜜柑
value color: null
parsed color: #null

LITESOLT
value color: null
parsed color: #null

amania
value color: #ffa227
parsed color: #ffa227

ひとくち水ようかん か 水羊羹
value color: null
parsed color: #null

さちはる
value color: null
parsed color: #null

yuichi
value color: null
parsed color: #null

てーがーくん
value color: null
parsed color: #null

take
value color: #ede9ff
parsed color: #ede9ff

Kinoko_2K
value color: null
parsed color: #null

